{"contracts/Crowdsale.sol":{"l":{"138":1,"139":1,"140":1,"141":1,"142":1,"149":1,"150":1,"151":1,"155":1,"162":9,"166":9,"174":5,"175":5,"176":2,"179":3,"181":5,"189":1,"190":1,"191":1,"192":1,"193":1,"194":1,"195":1,"206":2,"207":2,"208":2,"209":2,"210":1,"217":1,"218":1,"219":1,"221":1,"222":1,"224":1,"239":1,"240":1,"250":0,"264":1,"281":1,"285":1,"286":1,"287":1,"301":1,"302":1,"309":3,"321":1,"325":1,"326":1,"327":1,"328":1,"329":1,"342":1,"343":1,"344":1,"345":1,"352":5,"353":5,"355":5,"356":5,"358":5,"359":2,"360":2,"363":3,"364":3,"372":1,"376":1,"377":1,"379":1,"381":1,"382":1,"384":1,"385":1,"387":1,"388":1,"400":1,"401":1,"402":1,"406":1,"407":1,"409":0,"413":0,"416":1,"434":1,"435":1,"436":1,"438":1,"439":1,"440":1,"455":1,"456":1,"477":1,"478":1,"479":1,"481":1,"482":1,"483":1,"485":1,"502":1,"503":1,"504":1,"507":0,"509":1,"519":4,"526":1,"533":3,"540":1,"544":0,"545":0,"563":1,"567":1,"568":1,"569":1,"570":1,"586":1,"587":1,"588":1,"589":1,"590":1},"path":"/home/bogdan/Рабочий стол/BIGcontrols/eth-parity-bc/PrivateSale/contracts/Crowdsale.sol","s":{"1":1,"2":1,"3":1,"4":1,"5":1,"6":1,"7":1,"8":9,"9":5,"10":5,"11":2,"12":3,"13":1,"14":1,"15":1,"16":1,"17":1,"18":1,"19":2,"20":2,"21":2,"22":2,"23":1,"24":1,"25":1,"26":1,"27":1,"28":1,"29":1,"30":0,"31":1,"32":1,"33":1,"34":1,"35":1,"36":1,"37":3,"38":1,"39":1,"40":1,"41":1,"42":1,"43":1,"44":1,"45":1,"46":1,"47":5,"48":5,"49":5,"50":5,"51":5,"52":2,"53":2,"54":3,"55":3,"56":1,"57":1,"58":1,"59":1,"60":1,"61":1,"62":1,"63":1,"64":1,"65":1,"66":1,"67":1,"68":0,"69":0,"70":0,"71":1,"72":1,"73":1,"74":1,"75":1,"76":1,"77":1,"78":1,"79":1,"80":1,"81":1,"82":1,"83":1,"84":1,"85":1,"86":1,"87":1,"88":1,"89":1,"90":0,"91":1,"92":4,"93":1,"94":3,"95":1,"96":0,"97":0,"98":1,"99":1,"100":1,"101":1,"102":1,"103":1,"104":1,"105":1,"106":1,"107":1},"b":{"1":[1,0],"2":[1,0],"3":[1,0],"4":[9,0],"5":[2,3],"6":[1,0],"7":[1,0],"8":[1,0],"9":[2,0],"10":[1,1],"11":[1,0],"12":[1,0],"13":[5,0],"14":[5,0],"15":[2,3],"16":[2,0],"17":[3,0],"18":[1,0],"19":[1,0],"20":[1,0],"21":[1,0],"22":[1,0],"23":[0,0],"24":[1,0],"25":[1,0],"26":[1,0],"27":[1,0],"28":[1,0],"29":[1,0],"30":[1,0],"31":[1,0],"32":[0,0],"33":[1,0],"34":[1,0],"35":[1,0]},"f":{"1":1,"2":1,"3":9,"4":5,"5":1,"6":2,"7":1,"8":1,"9":0,"10":1,"11":1,"12":1,"13":3,"14":1,"15":1,"16":5,"17":1,"18":1,"19":1,"20":1,"21":1,"22":1,"23":4,"24":1,"25":3,"26":1,"27":0,"28":1,"29":1},"fnMap":{"1":{"name":"distributionIsOn","line":137,"loc":{"start":{"line":137,"column":2},"end":{"line":137,"column":29}}},"2":{"name":"whitelisted","line":148,"loc":{"start":{"line":148,"column":2},"end":{"line":148,"column":24}}},"3":{"name":"nonZeroAddress","line":161,"loc":{"start":{"line":161,"column":2},"end":{"line":161,"column":38}}},"4":{"name":"checkDistributionState","line":173,"loc":{"start":{"line":173,"column":2},"end":{"line":173,"column":35}}},"5":{"name":"validPurchaseAmount","line":188,"loc":{"start":{"line":188,"column":2},"end":{"line":188,"column":33}}},"6":{"name":"validAmountForManualSend","line":202,"loc":{"start":{"line":202,"column":2},"end":{"line":205,"column":3}}},"7":{"name":null,"line":216,"loc":{"start":{"line":216,"column":2},"end":{"line":216,"column":22}}},"8":{"name":"setFreezingPeriod","line":231,"loc":{"start":{"line":231,"column":2},"end":{"line":238,"column":3}}},"9":{"name":null,"line":246,"loc":{"start":{"line":246,"column":2},"end":{"line":249,"column":3}}},"10":{"name":"purchase","line":258,"loc":{"start":{"line":258,"column":2},"end":{"line":263,"column":3}}},"11":{"name":"addBuyer","line":272,"loc":{"start":{"line":272,"column":2},"end":{"line":280,"column":3}}},"12":{"name":"delBuyer","line":294,"loc":{"start":{"line":294,"column":2},"end":{"line":300,"column":3}}},"13":{"name":"showBuyers","line":308,"loc":{"start":{"line":308,"column":2},"end":{"line":308,"column":54}}},"14":{"name":"startICO","line":315,"loc":{"start":{"line":315,"column":2},"end":{"line":320,"column":4}}},"15":{"name":"stopICO","line":335,"loc":{"start":{"line":335,"column":2},"end":{"line":341,"column":3}}},"16":{"name":"checkICOState","line":351,"loc":{"start":{"line":351,"column":2},"end":{"line":351,"column":35}}},"17":{"name":"sendReserves","line":371,"loc":{"start":{"line":371,"column":2},"end":{"line":371,"column":46}}},"18":{"name":"refundEther","line":394,"loc":{"start":{"line":394,"column":2},"end":{"line":399,"column":3}}},"19":{"name":"getEthAndStore","line":424,"loc":{"start":{"line":424,"column":2},"end":{"line":433,"column":3}}},"20":{"name":"getAmountOfTokensToSend","line":447,"loc":{"start":{"line":447,"column":2},"end":{"line":454,"column":3}}},"21":{"name":"sendTokens","line":466,"loc":{"start":{"line":466,"column":2},"end":{"line":476,"column":3}}},"22":{"name":"distributeToken","line":494,"loc":{"start":{"line":494,"column":2},"end":{"line":501,"column":3}}},"23":{"name":"contractBalance","line":518,"loc":{"start":{"line":518,"column":2},"end":{"line":518,"column":57}}},"24":{"name":"myBalance","line":525,"loc":{"start":{"line":525,"column":2},"end":{"line":525,"column":51}}},"25":{"name":"tokensSupply","line":532,"loc":{"start":{"line":532,"column":2},"end":{"line":532,"column":54}}},"26":{"name":"contractTokenBalance","line":539,"loc":{"start":{"line":539,"column":2},"end":{"line":539,"column":62}}},"27":{"name":"getValidPurchase","line":543,"loc":{"start":{"line":543,"column":2},"end":{"line":543,"column":58}}},"28":{"name":"increaseIcoDuration","line":555,"loc":{"start":{"line":555,"column":2},"end":{"line":562,"column":3}}},"29":{"name":"setcompanyWallet","line":577,"loc":{"start":{"line":577,"column":2},"end":{"line":585,"column":3}}}},"statementMap":{"1":{"start":{"line":138,"column":4},"end":{"line":138,"column":34}},"2":{"start":{"line":139,"column":4},"end":{"line":139,"column":48}},"3":{"start":{"line":140,"column":4},"end":{"line":140,"column":30}},"4":{"start":{"line":141,"column":4},"end":{"line":141,"column":86}},"5":{"start":{"line":149,"column":4},"end":{"line":149,"column":52}},"6":{"start":{"line":150,"column":4},"end":{"line":150,"column":32}},"7":{"start":{"line":151,"column":4},"end":{"line":151,"column":3306}},"8":{"start":{"line":162,"column":4},"end":{"line":162,"column":3527}},"9":{"start":{"line":174,"column":4},"end":{"line":174,"column":18}},"10":{"start":{"line":175,"column":4},"end":{"line":175,"column":3796}},"11":{"start":{"line":176,"column":6},"end":{"line":176,"column":37}},"12":{"start":{"line":179,"column":6},"end":{"line":179,"column":38}},"13":{"start":{"line":189,"column":4},"end":{"line":189,"column":25}},"14":{"start":{"line":190,"column":4},"end":{"line":190,"column":99}},"15":{"start":{"line":191,"column":4},"end":{"line":191,"column":59}},"16":{"start":{"line":192,"column":4},"end":{"line":192,"column":56}},"17":{"start":{"line":193,"column":4},"end":{"line":193,"column":38}},"18":{"start":{"line":194,"column":4},"end":{"line":194,"column":45}},"19":{"start":{"line":206,"column":4},"end":{"line":206,"column":23}},"20":{"start":{"line":207,"column":4},"end":{"line":207,"column":99}},"21":{"start":{"line":208,"column":4},"end":{"line":208,"column":59}},"22":{"start":{"line":209,"column":4},"end":{"line":209,"column":31}},"23":{"start":{"line":217,"column":4},"end":{"line":217,"column":21}},"24":{"start":{"line":218,"column":4},"end":{"line":218,"column":21}},"25":{"start":{"line":219,"column":4},"end":{"line":219,"column":19}},"26":{"start":{"line":221,"column":4},"end":{"line":221,"column":27}},"27":{"start":{"line":222,"column":4},"end":{"line":222,"column":14}},"28":{"start":{"line":224,"column":4},"end":{"line":224,"column":43}},"29":{"start":{"line":240,"column":4},"end":{"line":240,"column":15}},"30":{"start":{"line":250,"column":4},"end":{"line":250,"column":23}},"31":{"start":{"line":264,"column":4},"end":{"line":264,"column":35}},"32":{"start":{"line":281,"column":4},"end":{"line":281,"column":6277}},"33":{"start":{"line":286,"column":4},"end":{"line":286,"column":32}},"34":{"start":{"line":287,"column":4},"end":{"line":287,"column":15}},"35":{"start":{"line":301,"column":4},"end":{"line":301,"column":33}},"36":{"start":{"line":302,"column":4},"end":{"line":302,"column":15}},"37":{"start":{"line":309,"column":4},"end":{"line":309,"column":20}},"38":{"start":{"line":321,"column":4},"end":{"line":321,"column":6965}},"39":{"start":{"line":325,"column":4},"end":{"line":325,"column":21}},"40":{"start":{"line":326,"column":4},"end":{"line":326,"column":18}},"41":{"start":{"line":327,"column":4},"end":{"line":327,"column":26}},"42":{"start":{"line":328,"column":4},"end":{"line":328,"column":24}},"43":{"start":{"line":329,"column":4},"end":{"line":329,"column":15}},"44":{"start":{"line":342,"column":4},"end":{"line":342,"column":17}},"45":{"start":{"line":344,"column":4},"end":{"line":344,"column":33}},"46":{"start":{"line":345,"column":4},"end":{"line":345,"column":15}},"47":{"start":{"line":352,"column":4},"end":{"line":352,"column":44}},"48":{"start":{"line":353,"column":4},"end":{"line":353,"column":28}},"49":{"start":{"line":355,"column":4},"end":{"line":355,"column":43}},"50":{"start":{"line":356,"column":4},"end":{"line":356,"column":55}},"51":{"start":{"line":358,"column":4},"end":{"line":358,"column":7711}},"52":{"start":{"line":359,"column":6},"end":{"line":359,"column":21}},"53":{"start":{"line":360,"column":6},"end":{"line":360,"column":30}},"54":{"start":{"line":363,"column":6},"end":{"line":363,"column":20}},"55":{"start":{"line":364,"column":6},"end":{"line":364,"column":31}},"56":{"start":{"line":372,"column":4},"end":{"line":372,"column":8026}},"57":{"start":{"line":376,"column":4},"end":{"line":376,"column":22}},"58":{"start":{"line":377,"column":4},"end":{"line":377,"column":42}},"59":{"start":{"line":379,"column":4},"end":{"line":379,"column":59}},"60":{"start":{"line":381,"column":4},"end":{"line":381,"column":56}},"61":{"start":{"line":382,"column":4},"end":{"line":382,"column":40}},"62":{"start":{"line":384,"column":4},"end":{"line":384,"column":58}},"63":{"start":{"line":385,"column":4},"end":{"line":385,"column":60}},"64":{"start":{"line":400,"column":4},"end":{"line":400,"column":8725}},"65":{"start":{"line":401,"column":6},"end":{"line":401,"column":8782}},"66":{"start":{"line":402,"column":8},"end":{"line":402,"column":8876}},"67":{"start":{"line":406,"column":8},"end":{"line":406,"column":50}},"68":{"start":{"line":408,"column":13},"end":{"line":408,"column":9098}},"69":{"start":{"line":409,"column":8},"end":{"line":409,"column":9192}},"70":{"start":{"line":413,"column":8},"end":{"line":413,"column":50}},"71":{"start":{"line":416,"column":4},"end":{"line":416,"column":15}},"72":{"start":{"line":434,"column":4},"end":{"line":434,"column":50}},"73":{"start":{"line":435,"column":4},"end":{"line":435,"column":60}},"74":{"start":{"line":436,"column":4},"end":{"line":436,"column":52}},"75":{"start":{"line":438,"column":4},"end":{"line":438,"column":45}},"76":{"start":{"line":439,"column":4},"end":{"line":439,"column":66}},"77":{"start":{"line":440,"column":4},"end":{"line":440,"column":47}},"78":{"start":{"line":455,"column":4},"end":{"line":455,"column":49}},"79":{"start":{"line":456,"column":4},"end":{"line":456,"column":29}},"80":{"start":{"line":477,"column":4},"end":{"line":477,"column":36}},"81":{"start":{"line":478,"column":4},"end":{"line":478,"column":37}},"82":{"start":{"line":479,"column":4},"end":{"line":479,"column":38}},"83":{"start":{"line":481,"column":4},"end":{"line":481,"column":56}},"84":{"start":{"line":482,"column":4},"end":{"line":482,"column":71}},"85":{"start":{"line":483,"column":4},"end":{"line":483,"column":58}},"86":{"start":{"line":485,"column":4},"end":{"line":485,"column":41}},"87":{"start":{"line":502,"column":4},"end":{"line":502,"column":11665}},"88":{"start":{"line":503,"column":6},"end":{"line":503,"column":42}},"89":{"start":{"line":504,"column":6},"end":{"line":504,"column":56}},"90":{"start":{"line":507,"column":6},"end":{"line":507,"column":56}},"91":{"start":{"line":509,"column":4},"end":{"line":509,"column":15}},"92":{"start":{"line":519,"column":4},"end":{"line":519,"column":32}},"93":{"start":{"line":526,"column":4},"end":{"line":526,"column":38}},"94":{"start":{"line":533,"column":4},"end":{"line":533,"column":30}},"95":{"start":{"line":540,"column":4},"end":{"line":540,"column":32}},"96":{"start":{"line":544,"column":4},"end":{"line":544,"column":99}},"97":{"start":{"line":545,"column":4},"end":{"line":545,"column":48}},"98":{"start":{"line":563,"column":4},"end":{"line":563,"column":13275}},"99":{"start":{"line":567,"column":4},"end":{"line":567,"column":36}},"100":{"start":{"line":568,"column":4},"end":{"line":568,"column":51}},"101":{"start":{"line":569,"column":4},"end":{"line":569,"column":38}},"102":{"start":{"line":570,"column":4},"end":{"line":570,"column":15}},"103":{"start":{"line":586,"column":4},"end":{"line":586,"column":43}},"104":{"start":{"line":587,"column":4},"end":{"line":587,"column":35}},"105":{"start":{"line":588,"column":4},"end":{"line":588,"column":45}},"106":{"start":{"line":589,"column":4},"end":{"line":589,"column":43}},"107":{"start":{"line":590,"column":4},"end":{"line":590,"column":15}}},"branchMap":{"1":{"line":140,"type":"if","locations":[{"start":{"line":140,"column":4},"end":{"line":140,"column":4}},{"start":{"line":140,"column":4},"end":{"line":140,"column":4}}]},"2":{"line":141,"type":"if","locations":[{"start":{"line":141,"column":4},"end":{"line":141,"column":4}},{"start":{"line":141,"column":4},"end":{"line":141,"column":4}}]},"3":{"line":151,"type":"if","locations":[{"start":{"line":151,"column":4},"end":{"line":151,"column":4}},{"start":{"line":151,"column":4},"end":{"line":151,"column":4}}]},"4":{"line":162,"type":"if","locations":[{"start":{"line":162,"column":4},"end":{"line":162,"column":4}},{"start":{"line":162,"column":4},"end":{"line":162,"column":4}}]},"5":{"line":175,"type":"if","locations":[{"start":{"line":175,"column":4},"end":{"line":175,"column":4}},{"start":{"line":175,"column":4},"end":{"line":175,"column":4}}]},"6":{"line":189,"type":"if","locations":[{"start":{"line":189,"column":4},"end":{"line":189,"column":4}},{"start":{"line":189,"column":4},"end":{"line":189,"column":4}}]},"7":{"line":193,"type":"if","locations":[{"start":{"line":193,"column":4},"end":{"line":193,"column":4}},{"start":{"line":193,"column":4},"end":{"line":193,"column":4}}]},"8":{"line":194,"type":"if","locations":[{"start":{"line":194,"column":4},"end":{"line":194,"column":4}},{"start":{"line":194,"column":4},"end":{"line":194,"column":4}}]},"9":{"line":206,"type":"if","locations":[{"start":{"line":206,"column":4},"end":{"line":206,"column":4}},{"start":{"line":206,"column":4},"end":{"line":206,"column":4}}]},"10":{"line":209,"type":"if","locations":[{"start":{"line":209,"column":4},"end":{"line":209,"column":4}},{"start":{"line":209,"column":4},"end":{"line":209,"column":4}}]},"11":{"line":281,"type":"if","locations":[{"start":{"line":281,"column":4},"end":{"line":281,"column":4}},{"start":{"line":281,"column":4},"end":{"line":281,"column":4}}]},"12":{"line":321,"type":"if","locations":[{"start":{"line":321,"column":4},"end":{"line":321,"column":4}},{"start":{"line":321,"column":4},"end":{"line":321,"column":4}}]},"13":{"line":353,"type":"if","locations":[{"start":{"line":353,"column":4},"end":{"line":353,"column":4}},{"start":{"line":353,"column":4},"end":{"line":353,"column":4}}]},"14":{"line":356,"type":"if","locations":[{"start":{"line":356,"column":4},"end":{"line":356,"column":4}},{"start":{"line":356,"column":4},"end":{"line":356,"column":4}}]},"15":{"line":358,"type":"if","locations":[{"start":{"line":358,"column":4},"end":{"line":358,"column":4}},{"start":{"line":358,"column":4},"end":{"line":358,"column":4}}]},"16":{"line":360,"type":"if","locations":[{"start":{"line":360,"column":6},"end":{"line":360,"column":6}},{"start":{"line":360,"column":6},"end":{"line":360,"column":6}}]},"17":{"line":364,"type":"if","locations":[{"start":{"line":364,"column":6},"end":{"line":364,"column":6}},{"start":{"line":364,"column":6},"end":{"line":364,"column":6}}]},"18":{"line":372,"type":"if","locations":[{"start":{"line":372,"column":4},"end":{"line":372,"column":4}},{"start":{"line":372,"column":4},"end":{"line":372,"column":4}}]},"19":{"line":379,"type":"if","locations":[{"start":{"line":379,"column":4},"end":{"line":379,"column":4}},{"start":{"line":379,"column":4},"end":{"line":379,"column":4}}]},"20":{"line":382,"type":"if","locations":[{"start":{"line":382,"column":4},"end":{"line":382,"column":4}},{"start":{"line":382,"column":4},"end":{"line":382,"column":4}}]},"21":{"line":385,"type":"if","locations":[{"start":{"line":385,"column":4},"end":{"line":385,"column":4}},{"start":{"line":385,"column":4},"end":{"line":385,"column":4}}]},"22":{"line":401,"type":"if","locations":[{"start":{"line":401,"column":6},"end":{"line":401,"column":6}},{"start":{"line":401,"column":6},"end":{"line":401,"column":6}}]},"23":{"line":408,"type":"if","locations":[{"start":{"line":408,"column":13},"end":{"line":408,"column":13}},{"start":{"line":408,"column":13},"end":{"line":408,"column":13}}]},"24":{"line":436,"type":"if","locations":[{"start":{"line":436,"column":4},"end":{"line":436,"column":4}},{"start":{"line":436,"column":4},"end":{"line":436,"column":4}}]},"25":{"line":440,"type":"if","locations":[{"start":{"line":440,"column":4},"end":{"line":440,"column":4}},{"start":{"line":440,"column":4},"end":{"line":440,"column":4}}]},"26":{"line":479,"type":"if","locations":[{"start":{"line":479,"column":4},"end":{"line":479,"column":4}},{"start":{"line":479,"column":4},"end":{"line":479,"column":4}}]},"27":{"line":483,"type":"if","locations":[{"start":{"line":483,"column":4},"end":{"line":483,"column":4}},{"start":{"line":483,"column":4},"end":{"line":483,"column":4}}]},"28":{"line":485,"type":"if","locations":[{"start":{"line":485,"column":4},"end":{"line":485,"column":4}},{"start":{"line":485,"column":4},"end":{"line":485,"column":4}}]},"29":{"line":502,"type":"if","locations":[{"start":{"line":502,"column":4},"end":{"line":502,"column":4}},{"start":{"line":502,"column":4},"end":{"line":502,"column":4}}]},"30":{"line":503,"type":"if","locations":[{"start":{"line":503,"column":6},"end":{"line":503,"column":6}},{"start":{"line":503,"column":6},"end":{"line":503,"column":6}}]},"31":{"line":504,"type":"if","locations":[{"start":{"line":504,"column":6},"end":{"line":504,"column":6}},{"start":{"line":504,"column":6},"end":{"line":504,"column":6}}]},"32":{"line":507,"type":"if","locations":[{"start":{"line":507,"column":6},"end":{"line":507,"column":6}},{"start":{"line":507,"column":6},"end":{"line":507,"column":6}}]},"33":{"line":563,"type":"if","locations":[{"start":{"line":563,"column":4},"end":{"line":563,"column":4}},{"start":{"line":563,"column":4},"end":{"line":563,"column":4}}]},"34":{"line":569,"type":"if","locations":[{"start":{"line":569,"column":4},"end":{"line":569,"column":4}},{"start":{"line":569,"column":4},"end":{"line":569,"column":4}}]},"35":{"line":588,"type":"if","locations":[{"start":{"line":588,"column":4},"end":{"line":588,"column":4}},{"start":{"line":588,"column":4},"end":{"line":588,"column":4}}]}}},"contracts/Managed.sol":{"l":{"33":1,"34":1,"38":1,"45":21,"46":21,"50":12,"67":2,"71":2,"73":2,"74":2,"75":2,"92":1,"93":0,"94":0,"96":1,"97":1,"98":1,"99":1,"111":5},"path":"/home/bogdan/Рабочий стол/BIGcontrols/eth-parity-bc/PrivateSale/contracts/Managed.sol","s":{"1":1,"2":1,"3":21,"4":21,"5":2,"6":2,"7":2,"8":2,"9":1,"10":0,"11":0,"12":1,"13":5},"b":{"1":[1,0],"2":[1,0],"3":[12,9],"4":[2,0],"5":[2,0]},"f":{"1":1,"2":21,"3":2,"4":1,"5":5},"fnMap":{"1":{"name":"isActiveManager","line":32,"loc":{"start":{"line":32,"column":2},"end":{"line":32,"column":44}}},"2":{"name":"onlyManager","line":44,"loc":{"start":{"line":44,"column":2},"end":{"line":44,"column":25}}},"3":{"name":"addManager","line":60,"loc":{"start":{"line":60,"column":2},"end":{"line":66,"column":3}}},"4":{"name":"deleteManager","line":84,"loc":{"start":{"line":84,"column":2},"end":{"line":91,"column":3}}},"5":{"name":"managerList","line":105,"loc":{"start":{"line":105,"column":2},"end":{"line":110,"column":3}}}},"statementMap":{"1":{"start":{"line":33,"column":4},"end":{"line":33,"column":34}},"2":{"start":{"line":34,"column":4},"end":{"line":34,"column":968}},"3":{"start":{"line":45,"column":4},"end":{"line":45,"column":38}},"4":{"start":{"line":46,"column":4},"end":{"line":46,"column":1213}},"5":{"start":{"line":67,"column":4},"end":{"line":67,"column":1648}},"6":{"start":{"line":71,"column":4},"end":{"line":71,"column":32}},"7":{"start":{"line":74,"column":4},"end":{"line":74,"column":31}},"8":{"start":{"line":75,"column":4},"end":{"line":75,"column":36}},"9":{"start":{"line":92,"column":4},"end":{"line":92,"column":2252}},"10":{"start":{"line":93,"column":6},"end":{"line":93,"column":33}},"11":{"start":{"line":94,"column":6},"end":{"line":94,"column":38}},"12":{"start":{"line":99,"column":4},"end":{"line":99,"column":35}},"13":{"start":{"line":111,"column":4},"end":{"line":111,"column":19}}},"branchMap":{"1":{"line":33,"type":"if","locations":[{"start":{"line":33,"column":4},"end":{"line":33,"column":4}},{"start":{"line":33,"column":4},"end":{"line":33,"column":4}}]},"2":{"line":34,"type":"if","locations":[{"start":{"line":34,"column":4},"end":{"line":34,"column":4}},{"start":{"line":34,"column":4},"end":{"line":34,"column":4}}]},"3":{"line":46,"type":"if","locations":[{"start":{"line":46,"column":4},"end":{"line":46,"column":4}},{"start":{"line":46,"column":4},"end":{"line":46,"column":4}}]},"4":{"line":67,"type":"if","locations":[{"start":{"line":67,"column":4},"end":{"line":67,"column":4}},{"start":{"line":67,"column":4},"end":{"line":67,"column":4}}]},"5":{"line":71,"type":"if","locations":[{"start":{"line":71,"column":4},"end":{"line":71,"column":4}},{"start":{"line":71,"column":4},"end":{"line":71,"column":4}}]}}},"contracts/Ownable.sol":{"l":{"25":5,"32":16,"33":15,"41":1,"42":1,"43":1,"50":1,"51":1},"path":"/home/bogdan/Рабочий стол/BIGcontrols/eth-parity-bc/PrivateSale/contracts/Ownable.sol","s":{"1":5,"2":16,"3":1,"4":1,"5":1,"6":1,"7":1},"b":{"1":[15,1],"2":[1,0]},"f":{"1":5,"2":16,"3":1,"4":1},"fnMap":{"1":{"name":null,"line":24,"loc":{"start":{"line":24,"column":2},"end":{"line":24,"column":22}}},"2":{"name":"onlyOwner","line":31,"loc":{"start":{"line":31,"column":2},"end":{"line":31,"column":22}}},"3":{"name":"transferOwnership","line":40,"loc":{"start":{"line":40,"column":2},"end":{"line":40,"column":63}}},"4":{"name":"renounceOwnership","line":49,"loc":{"start":{"line":49,"column":2},"end":{"line":49,"column":47}}}},"statementMap":{"1":{"start":{"line":25,"column":4},"end":{"line":25,"column":21}},"2":{"start":{"line":32,"column":4},"end":{"line":32,"column":31}},"3":{"start":{"line":41,"column":4},"end":{"line":41,"column":34}},"4":{"start":{"line":42,"column":4},"end":{"line":42,"column":46}},"5":{"start":{"line":43,"column":4},"end":{"line":43,"column":19}},"6":{"start":{"line":50,"column":4},"end":{"line":50,"column":34}},"7":{"start":{"line":51,"column":4},"end":{"line":51,"column":21}}},"branchMap":{"1":{"line":32,"type":"if","locations":[{"start":{"line":32,"column":4},"end":{"line":32,"column":4}},{"start":{"line":32,"column":4},"end":{"line":32,"column":4}}]},"2":{"line":41,"type":"if","locations":[{"start":{"line":41,"column":4},"end":{"line":41,"column":4}},{"start":{"line":41,"column":4},"end":{"line":41,"column":4}}]}}},"contracts/ReentrancyGuard.sol":{"l":{"19":24,"20":24,"21":24,"22":22},"path":"/home/bogdan/Рабочий стол/BIGcontrols/eth-parity-bc/PrivateSale/contracts/ReentrancyGuard.sol","s":{"1":24,"2":24,"3":22},"b":{"1":[24,0]},"f":{"1":24},"fnMap":{"1":{"name":"nonReentrant","line":18,"loc":{"start":{"line":18,"column":2},"end":{"line":18,"column":25}}}},"statementMap":{"1":{"start":{"line":19,"column":4},"end":{"line":19,"column":27}},"2":{"start":{"line":20,"column":4},"end":{"line":20,"column":24}},"3":{"start":{"line":22,"column":4},"end":{"line":22,"column":25}}},"branchMap":{"1":{"line":19,"type":"if","locations":[{"start":{"line":19,"column":4},"end":{"line":19,"column":4}},{"start":{"line":19,"column":4},"end":{"line":19,"column":4}}]}}},"contracts/SafeMath.sol":{"l":{"13":9,"14":0,"16":9,"17":9,"18":9,"28":12,"35":8,"36":8,"43":28,"44":28,"45":28},"path":"/home/bogdan/Рабочий стол/BIGcontrols/eth-parity-bc/PrivateSale/contracts/SafeMath.sol","s":{"1":9,"2":0,"3":9,"4":9,"5":9,"6":12,"7":8,"8":8,"9":28,"10":28,"11":28},"b":{"1":[0,9],"2":[9,0],"3":[8,0],"4":[28,0]},"f":{"1":9,"2":12,"3":8,"4":28},"fnMap":{"1":{"name":"mul","line":12,"loc":{"start":{"line":12,"column":2},"end":{"line":12,"column":70}}},"2":{"name":"div","line":24,"loc":{"start":{"line":24,"column":2},"end":{"line":24,"column":68}}},"3":{"name":"sub","line":34,"loc":{"start":{"line":34,"column":2},"end":{"line":34,"column":68}}},"4":{"name":"add","line":42,"loc":{"start":{"line":42,"column":2},"end":{"line":42,"column":70}}}},"statementMap":{"1":{"start":{"line":13,"column":4},"end":{"line":13,"column":281}},"2":{"start":{"line":14,"column":6},"end":{"line":14,"column":14}},"3":{"start":{"line":16,"column":4},"end":{"line":16,"column":12}},"4":{"start":{"line":17,"column":4},"end":{"line":17,"column":21}},"5":{"start":{"line":18,"column":4},"end":{"line":18,"column":12}},"6":{"start":{"line":28,"column":4},"end":{"line":28,"column":16}},"7":{"start":{"line":35,"column":4},"end":{"line":35,"column":17}},"8":{"start":{"line":36,"column":4},"end":{"line":36,"column":16}},"9":{"start":{"line":43,"column":4},"end":{"line":43,"column":12}},"10":{"start":{"line":44,"column":4},"end":{"line":44,"column":17}},"11":{"start":{"line":45,"column":4},"end":{"line":45,"column":12}}},"branchMap":{"1":{"line":13,"type":"if","locations":[{"start":{"line":13,"column":4},"end":{"line":13,"column":4}},{"start":{"line":13,"column":4},"end":{"line":13,"column":4}}]},"2":{"line":17,"type":"if","locations":[{"start":{"line":17,"column":4},"end":{"line":17,"column":4}},{"start":{"line":17,"column":4},"end":{"line":17,"column":4}}]},"3":{"line":35,"type":"if","locations":[{"start":{"line":35,"column":4},"end":{"line":35,"column":4}},{"start":{"line":35,"column":4},"end":{"line":35,"column":4}}]},"4":{"line":44,"type":"if","locations":[{"start":{"line":44,"column":4},"end":{"line":44,"column":4}},{"start":{"line":44,"column":4},"end":{"line":44,"column":4}}]}}},"contracts/Token.sol":{"l":{"53":7,"62":4,"63":4,"65":4,"66":4,"67":4,"68":4,"77":18,"109":3,"110":3,"111":2,"113":1,"114":1,"116":1,"117":1,"118":1,"132":2,"133":2,"134":2,"151":11,"172":1,"174":1,"175":1,"196":1,"197":1,"198":0,"200":1,"202":1,"203":1,"232":17,"237":11,"249":2,"253":2,"254":2,"266":3,"270":3,"271":3,"272":3,"273":3,"284":2,"298":4,"318":4,"330":3,"341":2,"352":1,"363":1,"379":2,"380":2},"path":"/home/bogdan/Рабочий стол/BIGcontrols/eth-parity-bc/PrivateSale/contracts/Token.sol","s":{"1":7,"2":4,"3":4,"4":4,"5":4,"6":4,"7":4,"8":18,"9":3,"10":3,"11":2,"12":1,"13":1,"14":1,"15":1,"16":1,"17":2,"18":2,"19":2,"20":11,"21":1,"22":1,"23":1,"24":1,"25":1,"26":0,"27":1,"28":1,"29":1,"30":17,"31":2,"32":2,"33":2,"34":3,"35":3,"36":3,"37":3,"38":2,"39":4,"40":4,"41":3,"42":2,"43":1,"44":1,"45":2,"46":2},"b":{"1":[4,0],"2":[4,0],"3":[3,0],"4":[2,1],"5":[1,1],"6":[0,1],"7":[11,6],"8":[2,0],"9":[3,0],"10":[3,0]},"f":{"1":7,"2":4,"3":18,"4":3,"5":2,"6":11,"7":1,"8":1,"9":17,"10":2,"11":3,"12":2,"13":4,"14":4,"15":3,"16":2,"17":1,"18":1,"19":2},"fnMap":{"1":{"name":"totalSupply","line":52,"loc":{"start":{"line":52,"column":2},"end":{"line":52,"column":54}}},"2":{"name":"transfer","line":61,"loc":{"start":{"line":61,"column":2},"end":{"line":61,"column":83}}},"3":{"name":"balanceOf","line":76,"loc":{"start":{"line":76,"column":2},"end":{"line":76,"column":66}}},"4":{"name":"transferFrom","line":100,"loc":{"start":{"line":100,"column":2},"end":{"line":108,"column":3}}},"5":{"name":"approve","line":131,"loc":{"start":{"line":131,"column":2},"end":{"line":131,"column":87}}},"6":{"name":"allowance","line":143,"loc":{"start":{"line":143,"column":2},"end":{"line":150,"column":3}}},"7":{"name":"increaseApproval","line":164,"loc":{"start":{"line":164,"column":2},"end":{"line":171,"column":3}}},"8":{"name":"decreaseApproval","line":188,"loc":{"start":{"line":188,"column":2},"end":{"line":195,"column":3}}},"9":{"name":"isNotFreezed","line":231,"loc":{"start":{"line":231,"column":2},"end":{"line":231,"column":25}}},"10":{"name":"freeze","line":244,"loc":{"start":{"line":244,"column":2},"end":{"line":248,"column":3}}},"11":{"name":"addHolderToFridge","line":261,"loc":{"start":{"line":261,"column":2},"end":{"line":265,"column":3}}},"12":{"name":"getFreezedHoldersList","line":279,"loc":{"start":{"line":279,"column":2},"end":{"line":283,"column":3}}},"13":{"name":"ifFreezedHolder","line":291,"loc":{"start":{"line":291,"column":2},"end":{"line":297,"column":3}}},"14":{"name":"transfer","line":310,"loc":{"start":{"line":310,"column":2},"end":{"line":317,"column":3}}},"15":{"name":"transferFrom","line":321,"loc":{"start":{"line":321,"column":2},"end":{"line":329,"column":3}}},"16":{"name":"approve","line":333,"loc":{"start":{"line":333,"column":2},"end":{"line":340,"column":3}}},"17":{"name":"increaseApproval","line":344,"loc":{"start":{"line":344,"column":2},"end":{"line":351,"column":3}}},"18":{"name":"decreaseApproval","line":355,"loc":{"start":{"line":355,"column":2},"end":{"line":362,"column":3}}},"19":{"name":null,"line":378,"loc":{"start":{"line":378,"column":2},"end":{"line":378,"column":22}}}},"statementMap":{"1":{"start":{"line":53,"column":4},"end":{"line":53,"column":23}},"2":{"start":{"line":62,"column":4},"end":{"line":62,"column":29}},"3":{"start":{"line":63,"column":4},"end":{"line":63,"column":42}},"4":{"start":{"line":65,"column":4},"end":{"line":65,"column":58}},"5":{"start":{"line":66,"column":4},"end":{"line":66,"column":44}},"6":{"start":{"line":67,"column":4},"end":{"line":67,"column":42}},"7":{"start":{"line":68,"column":4},"end":{"line":68,"column":15}},"8":{"start":{"line":77,"column":4},"end":{"line":77,"column":27}},"9":{"start":{"line":109,"column":4},"end":{"line":109,"column":29}},"10":{"start":{"line":110,"column":4},"end":{"line":110,"column":37}},"11":{"start":{"line":111,"column":4},"end":{"line":111,"column":48}},"12":{"start":{"line":113,"column":4},"end":{"line":113,"column":48}},"13":{"start":{"line":114,"column":4},"end":{"line":114,"column":44}},"14":{"start":{"line":116,"column":4},"end":{"line":116,"column":70}},"15":{"start":{"line":117,"column":4},"end":{"line":117,"column":37}},"16":{"start":{"line":118,"column":4},"end":{"line":118,"column":15}},"17":{"start":{"line":132,"column":4},"end":{"line":132,"column":41}},"18":{"start":{"line":133,"column":4},"end":{"line":133,"column":47}},"19":{"start":{"line":134,"column":4},"end":{"line":134,"column":15}},"20":{"start":{"line":151,"column":4},"end":{"line":151,"column":36}},"21":{"start":{"line":172,"column":4},"end":{"line":172,"column":5276}},"22":{"start":{"line":174,"column":4},"end":{"line":174,"column":70}},"23":{"start":{"line":175,"column":4},"end":{"line":175,"column":15}},"24":{"start":{"line":196,"column":4},"end":{"line":196,"column":51}},"25":{"start":{"line":197,"column":4},"end":{"line":197,"column":6062}},"26":{"start":{"line":198,"column":6},"end":{"line":198,"column":38}},"27":{"start":{"line":200,"column":6},"end":{"line":200,"column":67}},"28":{"start":{"line":202,"column":4},"end":{"line":202,"column":70}},"29":{"start":{"line":203,"column":4},"end":{"line":203,"column":15}},"30":{"start":{"line":232,"column":4},"end":{"line":232,"column":6908}},"31":{"start":{"line":249,"column":4},"end":{"line":249,"column":7280}},"32":{"start":{"line":253,"column":4},"end":{"line":253,"column":43}},"33":{"start":{"line":254,"column":4},"end":{"line":254,"column":15}},"34":{"start":{"line":266,"column":4},"end":{"line":266,"column":7687}},"35":{"start":{"line":270,"column":4},"end":{"line":270,"column":35}},"36":{"start":{"line":272,"column":4},"end":{"line":272,"column":32}},"37":{"start":{"line":273,"column":4},"end":{"line":273,"column":15}},"38":{"start":{"line":284,"column":4},"end":{"line":284,"column":29}},"39":{"start":{"line":298,"column":4},"end":{"line":298,"column":33}},"40":{"start":{"line":318,"column":4},"end":{"line":318,"column":38}},"41":{"start":{"line":330,"column":4},"end":{"line":330,"column":49}},"42":{"start":{"line":341,"column":4},"end":{"line":341,"column":42}},"43":{"start":{"line":352,"column":4},"end":{"line":352,"column":56}},"44":{"start":{"line":363,"column":4},"end":{"line":363,"column":61}},"45":{"start":{"line":379,"column":4},"end":{"line":379,"column":45}},"46":{"start":{"line":380,"column":4},"end":{"line":380,"column":61}}},"branchMap":{"1":{"line":62,"type":"if","locations":[{"start":{"line":62,"column":4},"end":{"line":62,"column":4}},{"start":{"line":62,"column":4},"end":{"line":62,"column":4}}]},"2":{"line":63,"type":"if","locations":[{"start":{"line":63,"column":4},"end":{"line":63,"column":4}},{"start":{"line":63,"column":4},"end":{"line":63,"column":4}}]},"3":{"line":109,"type":"if","locations":[{"start":{"line":109,"column":4},"end":{"line":109,"column":4}},{"start":{"line":109,"column":4},"end":{"line":109,"column":4}}]},"4":{"line":110,"type":"if","locations":[{"start":{"line":110,"column":4},"end":{"line":110,"column":4}},{"start":{"line":110,"column":4},"end":{"line":110,"column":4}}]},"5":{"line":111,"type":"if","locations":[{"start":{"line":111,"column":4},"end":{"line":111,"column":4}},{"start":{"line":111,"column":4},"end":{"line":111,"column":4}}]},"6":{"line":197,"type":"if","locations":[{"start":{"line":197,"column":4},"end":{"line":197,"column":4}},{"start":{"line":197,"column":4},"end":{"line":197,"column":4}}]},"7":{"line":232,"type":"if","locations":[{"start":{"line":232,"column":4},"end":{"line":232,"column":4}},{"start":{"line":232,"column":4},"end":{"line":232,"column":4}}]},"8":{"line":249,"type":"if","locations":[{"start":{"line":249,"column":4},"end":{"line":249,"column":4}},{"start":{"line":249,"column":4},"end":{"line":249,"column":4}}]},"9":{"line":266,"type":"if","locations":[{"start":{"line":266,"column":4},"end":{"line":266,"column":4}},{"start":{"line":266,"column":4},"end":{"line":266,"column":4}}]},"10":{"line":270,"type":"if","locations":[{"start":{"line":270,"column":4},"end":{"line":270,"column":4}},{"start":{"line":270,"column":4},"end":{"line":270,"column":4}}]}}}}