TN:
SF:/home/bogdan/Рабочий стол/BIGcontrols/eth-parity-bc/PrivateSale/contracts/Crowdsale.sol
FN:137,distributionIsOn
FN:148,whitelisted
FN:161,nonZeroAddress
FN:173,checkDistributionState
FN:188,validPurchaseAmount
FN:202,validAmountForManualSend
FN:216,
FN:231,setFreezingPeriod
FN:246,
FN:258,purchase
FN:272,addBuyer
FN:294,delBuyer
FN:308,showBuyers
FN:315,startICO
FN:335,stopICO
FN:351,checkICOState
FN:371,sendReserves
FN:394,refundEther
FN:424,getEthAndStore
FN:447,getAmountOfTokensToSend
FN:466,sendTokens
FN:494,distributeToken
FN:518,contractBalance
FN:525,myBalance
FN:532,tokensSupply
FN:539,contractTokenBalance
FN:543,getValidPurchase
FN:555,increaseIcoDuration
FN:577,setcompanyWallet
FNF:29
FNH:27
FNDA:1,distributionIsOn
FNDA:1,whitelisted
FNDA:9,nonZeroAddress
FNDA:5,checkDistributionState
FNDA:1,validPurchaseAmount
FNDA:2,validAmountForManualSend
FNDA:1,
FNDA:1,setFreezingPeriod
FNDA:0,
FNDA:1,purchase
FNDA:1,addBuyer
FNDA:1,delBuyer
FNDA:3,showBuyers
FNDA:1,startICO
FNDA:1,stopICO
FNDA:5,checkICOState
FNDA:1,sendReserves
FNDA:1,refundEther
FNDA:1,getEthAndStore
FNDA:1,getAmountOfTokensToSend
FNDA:1,sendTokens
FNDA:1,distributeToken
FNDA:4,contractBalance
FNDA:1,myBalance
FNDA:3,tokensSupply
FNDA:1,contractTokenBalance
FNDA:0,getValidPurchase
FNDA:1,increaseIcoDuration
FNDA:1,setcompanyWallet
DA:138,1
DA:139,1
DA:140,1
DA:141,1
DA:142,1
DA:149,1
DA:150,1
DA:151,1
DA:155,1
DA:162,9
DA:166,9
DA:174,5
DA:175,5
DA:176,2
DA:179,3
DA:181,5
DA:189,1
DA:190,1
DA:191,1
DA:192,1
DA:193,1
DA:194,1
DA:195,1
DA:206,2
DA:207,2
DA:208,2
DA:209,2
DA:210,1
DA:217,1
DA:218,1
DA:219,1
DA:221,1
DA:222,1
DA:224,1
DA:239,1
DA:240,1
DA:250,0
DA:264,1
DA:281,1
DA:285,1
DA:286,1
DA:287,1
DA:301,1
DA:302,1
DA:309,3
DA:321,1
DA:325,1
DA:326,1
DA:327,1
DA:328,1
DA:329,1
DA:342,1
DA:343,1
DA:344,1
DA:345,1
DA:352,5
DA:353,5
DA:355,5
DA:356,5
DA:358,5
DA:359,2
DA:360,2
DA:363,3
DA:364,3
DA:372,1
DA:376,1
DA:377,1
DA:379,1
DA:381,1
DA:382,1
DA:384,1
DA:385,1
DA:387,1
DA:388,1
DA:400,1
DA:401,1
DA:402,1
DA:406,1
DA:407,1
DA:409,0
DA:413,0
DA:416,1
DA:434,1
DA:435,1
DA:436,1
DA:438,1
DA:439,1
DA:440,1
DA:455,1
DA:456,1
DA:477,1
DA:478,1
DA:479,1
DA:481,1
DA:482,1
DA:483,1
DA:485,1
DA:502,1
DA:503,1
DA:504,1
DA:507,0
DA:509,1
DA:519,4
DA:526,1
DA:533,3
DA:540,1
DA:544,0
DA:545,0
DA:563,1
DA:567,1
DA:568,1
DA:569,1
DA:570,1
DA:586,1
DA:587,1
DA:588,1
DA:589,1
DA:590,1
LF:118
LH:112
BRDA:140,1,0,1
BRDA:140,1,1,0
BRDA:141,2,0,1
BRDA:141,2,1,0
BRDA:151,3,0,1
BRDA:151,3,1,0
BRDA:162,4,0,9
BRDA:162,4,1,0
BRDA:175,5,0,2
BRDA:175,5,1,3
BRDA:189,6,0,1
BRDA:189,6,1,0
BRDA:193,7,0,1
BRDA:193,7,1,0
BRDA:194,8,0,1
BRDA:194,8,1,0
BRDA:206,9,0,2
BRDA:206,9,1,0
BRDA:209,10,0,1
BRDA:209,10,1,1
BRDA:281,11,0,1
BRDA:281,11,1,0
BRDA:321,12,0,1
BRDA:321,12,1,0
BRDA:353,13,0,5
BRDA:353,13,1,0
BRDA:356,14,0,5
BRDA:356,14,1,0
BRDA:358,15,0,2
BRDA:358,15,1,3
BRDA:360,16,0,2
BRDA:360,16,1,0
BRDA:364,17,0,3
BRDA:364,17,1,0
BRDA:372,18,0,1
BRDA:372,18,1,0
BRDA:379,19,0,1
BRDA:379,19,1,0
BRDA:382,20,0,1
BRDA:382,20,1,0
BRDA:385,21,0,1
BRDA:385,21,1,0
BRDA:401,22,0,1
BRDA:401,22,1,0
BRDA:408,23,0,0
BRDA:408,23,1,0
BRDA:436,24,0,1
BRDA:436,24,1,0
BRDA:440,25,0,1
BRDA:440,25,1,0
BRDA:479,26,0,1
BRDA:479,26,1,0
BRDA:483,27,0,1
BRDA:483,27,1,0
BRDA:485,28,0,1
BRDA:485,28,1,0
BRDA:502,29,0,1
BRDA:502,29,1,0
BRDA:503,30,0,1
BRDA:503,30,1,0
BRDA:504,31,0,1
BRDA:504,31,1,0
BRDA:507,32,0,0
BRDA:507,32,1,0
BRDA:563,33,0,1
BRDA:563,33,1,0
BRDA:569,34,0,1
BRDA:569,34,1,0
BRDA:588,35,0,1
BRDA:588,35,1,0
BRF:70
BRH:36
end_of_record
TN:
SF:/home/bogdan/Рабочий стол/BIGcontrols/eth-parity-bc/PrivateSale/contracts/Managed.sol
FN:32,isActiveManager
FN:44,onlyManager
FN:60,addManager
FN:84,deleteManager
FN:105,managerList
FNF:5
FNH:5
FNDA:1,isActiveManager
FNDA:21,onlyManager
FNDA:2,addManager
FNDA:1,deleteManager
FNDA:5,managerList
DA:33,1
DA:34,1
DA:38,1
DA:45,21
DA:46,21
DA:50,12
DA:67,2
DA:71,2
DA:73,2
DA:74,2
DA:75,2
DA:92,1
DA:93,0
DA:94,0
DA:96,1
DA:97,1
DA:98,1
DA:99,1
DA:111,5
LF:19
LH:17
BRDA:33,1,0,1
BRDA:33,1,1,0
BRDA:34,2,0,1
BRDA:34,2,1,0
BRDA:46,3,0,12
BRDA:46,3,1,9
BRDA:67,4,0,2
BRDA:67,4,1,0
BRDA:71,5,0,2
BRDA:71,5,1,0
BRF:10
BRH:6
end_of_record
TN:
SF:/home/bogdan/Рабочий стол/BIGcontrols/eth-parity-bc/PrivateSale/contracts/Ownable.sol
FN:24,
FN:31,onlyOwner
FN:40,transferOwnership
FN:49,renounceOwnership
FNF:4
FNH:4
FNDA:5,
FNDA:16,onlyOwner
FNDA:1,transferOwnership
FNDA:1,renounceOwnership
DA:25,5
DA:32,16
DA:33,15
DA:41,1
DA:42,1
DA:43,1
DA:50,1
DA:51,1
LF:8
LH:8
BRDA:32,1,0,15
BRDA:32,1,1,1
BRDA:41,2,0,1
BRDA:41,2,1,0
BRF:4
BRH:3
end_of_record
TN:
SF:/home/bogdan/Рабочий стол/BIGcontrols/eth-parity-bc/PrivateSale/contracts/ReentrancyGuard.sol
FN:18,nonReentrant
FNF:1
FNH:1
FNDA:24,nonReentrant
DA:19,24
DA:20,24
DA:21,24
DA:22,22
LF:4
LH:4
BRDA:19,1,0,24
BRDA:19,1,1,0
BRF:2
BRH:1
end_of_record
TN:
SF:/home/bogdan/Рабочий стол/BIGcontrols/eth-parity-bc/PrivateSale/contracts/SafeMath.sol
FN:12,mul
FN:24,div
FN:34,sub
FN:42,add
FNF:4
FNH:4
FNDA:9,mul
FNDA:12,div
FNDA:8,sub
FNDA:28,add
DA:13,9
DA:14,0
DA:16,9
DA:17,9
DA:18,9
DA:28,12
DA:35,8
DA:36,8
DA:43,28
DA:44,28
DA:45,28
LF:11
LH:10
BRDA:13,1,0,0
BRDA:13,1,1,9
BRDA:17,2,0,9
BRDA:17,2,1,0
BRDA:35,3,0,8
BRDA:35,3,1,0
BRDA:44,4,0,28
BRDA:44,4,1,0
BRF:8
BRH:4
end_of_record
TN:
SF:/home/bogdan/Рабочий стол/BIGcontrols/eth-parity-bc/PrivateSale/contracts/Token.sol
FN:52,totalSupply
FN:61,transfer
FN:76,balanceOf
FN:100,transferFrom
FN:131,approve
FN:143,allowance
FN:164,increaseApproval
FN:188,decreaseApproval
FN:231,isNotFreezed
FN:244,freeze
FN:261,addHolderToFridge
FN:279,getFreezedHoldersList
FN:291,ifFreezedHolder
FN:310,transfer
FN:321,transferFrom
FN:333,approve
FN:344,increaseApproval
FN:355,decreaseApproval
FN:378,
FNF:19
FNH:19
FNDA:7,totalSupply
FNDA:4,transfer
FNDA:18,balanceOf
FNDA:3,transferFrom
FNDA:2,approve
FNDA:11,allowance
FNDA:1,increaseApproval
FNDA:1,decreaseApproval
FNDA:17,isNotFreezed
FNDA:2,freeze
FNDA:3,addHolderToFridge
FNDA:2,getFreezedHoldersList
FNDA:4,ifFreezedHolder
FNDA:4,transfer
FNDA:3,transferFrom
FNDA:2,approve
FNDA:1,increaseApproval
FNDA:1,decreaseApproval
FNDA:2,
DA:53,7
DA:62,4
DA:63,4
DA:65,4
DA:66,4
DA:67,4
DA:68,4
DA:77,18
DA:109,3
DA:110,3
DA:111,2
DA:113,1
DA:114,1
DA:116,1
DA:117,1
DA:118,1
DA:132,2
DA:133,2
DA:134,2
DA:151,11
DA:172,1
DA:174,1
DA:175,1
DA:196,1
DA:197,1
DA:198,0
DA:200,1
DA:202,1
DA:203,1
DA:232,17
DA:237,11
DA:249,2
DA:253,2
DA:254,2
DA:266,3
DA:270,3
DA:271,3
DA:272,3
DA:273,3
DA:284,2
DA:298,4
DA:318,4
DA:330,3
DA:341,2
DA:352,1
DA:363,1
DA:379,2
DA:380,2
LF:48
LH:47
BRDA:62,1,0,4
BRDA:62,1,1,0
BRDA:63,2,0,4
BRDA:63,2,1,0
BRDA:109,3,0,3
BRDA:109,3,1,0
BRDA:110,4,0,2
BRDA:110,4,1,1
BRDA:111,5,0,1
BRDA:111,5,1,1
BRDA:197,6,0,0
BRDA:197,6,1,1
BRDA:232,7,0,11
BRDA:232,7,1,6
BRDA:249,8,0,2
BRDA:249,8,1,0
BRDA:266,9,0,3
BRDA:266,9,1,0
BRDA:270,10,0,3
BRDA:270,10,1,0
BRF:20
BRH:13
end_of_record
